<?xml version="1.0" encoding="UTF-8" standalone="no"?>
<testsuite errors="0" failures="0" name="io.cucumber.core.plugin.JUnitFormatter" skipped="0" tests="1" time="25.223">
    <testcase classname="Login functionality" name="Login" time="25.118">
        <system-out><![CDATA[Given User is on login page.................................................passed
When User enters valid username and valid password..........................passed
Then User should logs in successfully.......................................passed
]]></system-out>
    </testcase>
</testsuite>
