<?xml version="1.0" encoding="UTF-8"?>
<testng-results ignored="0" total="1" passed="1" failed="0" skipped="0">
  <reporter-output>
  </reporter-output>
  <suite started-at="2022-07-06T19:25:11 IST" name="Default suite" finished-at="2022-07-06T19:25:15 IST" duration-ms="3744">
    <groups>
    </groups>
    <test started-at="2022-07-06T19:25:11 IST" name="Default test" finished-at="2022-07-06T19:25:15 IST" duration-ms="3744">
      <class name="jsonPlaceholderRequests.UpdatingResource">
        <test-method signature="UpdateUser()[pri:0, instance:jsonPlaceholderRequests.UpdatingResource@15aab8c6]" started-at="2022-07-06T19:25:11 IST" name="UpdateUser" finished-at="2022-07-06T19:25:15 IST" duration-ms="3714" status="PASS">
          <reporter-output>
          </reporter-output>
        </test-method> <!-- UpdateUser -->
      </class> <!-- jsonPlaceholderRequests.UpdatingResource -->
    </test> <!-- Default test -->
  </suite> <!-- Default suite -->
</testng-results>
